GET: Array
(
    [id] => 21
)

Single Category: stdClass Object
(
    [CATEGID] => 21
    [CATEGORIES] => asd
    [USERID] => 0
)

GET: Array
(
    [id] => 21
)

Single Category: stdClass Object
(
    [CATEGID] => 21
    [CATEGORIES] => asd
    [USERID] => 0
)

GET: Array
(
    [id] => 20
)

Single Category: stdClass Object
(
    [CATEGID] => 20
    [CATEGORIES] => Paint
    [USERID] => 0
)

GET: Array
(
    [id] => 21
)

Single Category: stdClass Object
(
    [CATEGID] => 21
    [CATEGORIES] => asd
    [USERID] => 0
)

GET: Array
(
    [id] => 21
)

Single Category: stdClass Object
(
    [CATEGID] => 21
    [CATEGORIES] => asd
    [USERID] => 0
)

GET: Array
(
    [id] => 20
)

Single Category: stdClass Object
(
    [CATEGID] => 20
    [CATEGORIES] => Paint
    [USERID] => 0
)

GET: Array
(
    [id] => 21
)

Single Category: stdClass Object
(
    [CATEGID] => 21
    [CATEGORIES] => asd
    [USERID] => 0
)

GET: Array
(
    [id] => 20
)

Single Category: stdClass Object
(
    [CATEGID] => 20
    [CATEGORIES] => Paint
    [USERID] => 0
)

GET: Array
(
    [id] => 21
)

Single Category: stdClass Object
(
    [CATEGID] => 21
    [CATEGORIES] => asd
    [USERID] => 0
)

GET: Array
(
    [id] => 21
)

Single Category: stdClass Object
(
    [CATEGID] => 21
    [CATEGORIES] => asd
    [USERID] => 0
)

GET: Array
(
    [id] => 21
)

Single Category: stdClass Object
(
    [CATEGID] => 21
    [CATEGORIES] => asd
    [USERID] => 0
)

GET: Array
(
    [id] => 21
)

Single Category: stdClass Object
(
    [CATEGID] => 21
    [CATEGORIES] => asd
    [USERID] => 0
)

GET: Array
(
    [id] => 21
)

Single Category: stdClass Object
(
    [CATEGID] => 21
    [CATEGORIES] => asd
    [USERID] => 0
)

GET: Array
(
    [id] => 21
)

Single Category: stdClass Object
(
    [CATEGID] => 21
    [CATEGORIES] => asd
    [USERID] => 0
)

GET: Array
(
    [id] => 21
)

Single Category: stdClass Object
(
    [CATEGID] => 21
    [CATEGORIES] => asd
    [USERID] => 0
)

